  inlineFunc.cpp
  test.cpp
  正在生成代码...
test.obj : error LNK2019: 无法解析的外部符号 "int __cdecl sub(int,int)" (?sub@@YAHHH@Z)，该符号在函数 _main 中被引用
F:\c++代码\c-\20210301\Debug\20210301.exe : fatal error LNK1120: 1 个无法解析的外部命令
